<?xml version="1.0" encoding="UTF-8"?>
<!-- Generated by org.testng.reporters.JUnitReportReporter -->
<testsuite hostname="LAPTOP-OOJD2GM0" failures="0" tests="1" name="first.Today" time="10.181" errors="0" timestamp="2023-03-22T11:49:49 IST" skipped="0">
  <testcase classname="first.Today" name="method" time="10.181"/>
  <system-out/>
</testsuite> <!-- first.Today -->
