<?xml version="1.0" encoding="UTF-8"?>
<!-- Generated by org.testng.reporters.JUnitReportReporter -->
<testsuite hostname="LAPTOP-OOJD2GM0" failures="0" tests="1" name="first.ValidationClass" time="14.930" errors="0" timestamp="2023-03-24T16:03:33 IST" skipped="0">
  <testcase classname="first.ValidationClass" name="getValidate" time="14.930"/>
  <system-out/>
</testsuite> <!-- first.ValidationClass -->
